Build started 25/8/2016 4:39:36 PM.
     1>Project "D:\NYP Projects\SP3\Edited Pull\Base\Base.vcxproj" on node 2 (Build target(s)).
     1>ClCompile:
         D:\Visual Studio 2013\VC\bin\CL.exe /c /I"D:\NYP Projects\SP3\Edited Pull\/Common/Source" /I"D:\NYP Projects\SP3\Edited Pull\/glew/include" /I"D:\NYP Projects\SP3\Edited Pull\/glfw/include" /I"D:\NYP Projects\SP3\Edited Pull\/IrrKlang/include" /ZI /nologo /W3 /WX- /Od /Oy- /D _VARIADIC_MAX=10 /D WIN32 /D _DEBUG /D _CONSOLE /D _UNICODE /D UNICODE /Gm /EHsc /RTC1 /MDd /GS /fp:precise /Zc:wchar_t /Zc:forScope /Fo"Debug\\" /Fd"Debug\vc120.pdb" /Gd /TP /analyze- /errorReport:prompt Source\GameState.cpp
         GameState.cpp
     1>d:\nyp projects\sp3\edited pull\base\source\event.h(14): warning C4800: 'Event::Effects' : forcing value to bool 'true' or 'false' (performance warning)
     1>d:\nyp projects\sp3\edited pull\base\source\gamestate.cpp(217): warning C4244: '-=' : conversion from 'double' to 'float', possible loss of data
     1>d:\nyp projects\sp3\edited pull\base\source\gamestate.cpp(225): warning C4244: '+=' : conversion from 'double' to 'float', possible loss of data
     1>d:\nyp projects\sp3\edited pull\base\source\gamestate.cpp(597): error C2143: syntax error : missing ';' before '<<'
     1>d:\nyp projects\sp3\edited pull\base\source\gamestate.cpp(599): error C2065: 'skipScene' : undeclared identifier
     1>d:\nyp projects\sp3\edited pull\base\source\gamestate.cpp(601): error C2065: 'skipScene' : undeclared identifier
     1>d:\nyp projects\sp3\edited pull\base\source\gamestate.cpp(605): error C2065: 'skipScene' : undeclared identifier
     1>d:\nyp projects\sp3\edited pull\base\source\gamestate.cpp(606): error C2065: 'sceneSkipped' : undeclared identifier
     1>d:\nyp projects\sp3\edited pull\base\source\gamestate.cpp(608): error C2065: 'sceneSkipped' : undeclared identifier
     1>d:\nyp projects\sp3\edited pull\base\source\gamestate.cpp(610): error C2065: 'skipScene' : undeclared identifier
     1>d:\nyp projects\sp3\edited pull\base\source\gamestate.cpp(610): error C2065: 'sceneSkipped' : undeclared identifier
     1>d:\nyp projects\sp3\edited pull\base\source\gamestate.cpp(616): error C2143: syntax error : missing ';' before '=='
     1>d:\nyp projects\sp3\edited pull\base\source\gamestate.cpp(618): error C2143: syntax error : missing ';' before '{'
     1>d:\nyp projects\sp3\edited pull\base\source\gamestate.cpp(624): error C2143: syntax error : missing ';' before '>>'
     1>d:\nyp projects\sp3\edited pull\base\source\gamestate.cpp(626): error C2065: 'i' : undeclared identifier
     1>d:\nyp projects\sp3\edited pull\base\source\gamestate.cpp(626): error C2143: syntax error : missing ';' before ')'
     1>d:\nyp projects\sp3\edited pull\base\source\gamestate.cpp(627): error C2143: syntax error : missing ';' before '{'
     1>d:\nyp projects\sp3\edited pull\base\source\gamestate.cpp(629): error C2065: 'i' : undeclared identifier
     1>d:\nyp projects\sp3\edited pull\base\source\gamestate.cpp(702): warning C4244: '+=' : conversion from 'double' to 'float', possible loss of data
     1>d:\nyp projects\sp3\edited pull\base\source\gamestate.cpp(716): warning C4244: '+=' : conversion from 'double' to 'float', possible loss of data
     1>d:\nyp projects\sp3\edited pull\base\source\gamestate.cpp(733): error C2601: 'GameState::Update' : local function definitions are illegal
                 d:\nyp projects\sp3\edited pull\base\source\gamestate.cpp(565): this line contains a '{' which has not yet been matched
     1>d:\nyp projects\sp3\edited pull\base\source\gamestate.cpp(738): error C2601: 'GameState::RenderScreens' : local function definitions are illegal
                 d:\nyp projects\sp3\edited pull\base\source\gamestate.cpp(565): this line contains a '{' which has not yet been matched
     1>d:\nyp projects\sp3\edited pull\base\source\gamestate.cpp(795): error C2601: 'GameState::RenderFloorData' : local function definitions are illegal
                 d:\nyp projects\sp3\edited pull\base\source\gamestate.cpp(565): this line contains a '{' which has not yet been matched
     1>d:\nyp projects\sp3\edited pull\base\source\gamestate.cpp(841): error C2601: 'GameState::RenderFloors' : local function definitions are illegal
                 d:\nyp projects\sp3\edited pull\base\source\gamestate.cpp(565): this line contains a '{' which has not yet been matched
     1>d:\nyp projects\sp3\edited pull\base\source\gamestate.cpp(866): error C2601: 'GameState::Render' : local function definitions are illegal
                 d:\nyp projects\sp3\edited pull\base\source\gamestate.cpp(565): this line contains a '{' which has not yet been matched
     1>d:\nyp projects\sp3\edited pull\base\source\gamestate.cpp(877): error C2059: syntax error : 'bad suffix on number'
     1>d:\nyp projects\sp3\edited pull\base\source\gamestate.cpp(878): error C2021: expected exponent value, not 'c'
     1>d:\nyp projects\sp3\edited pull\base\source\gamestate.cpp(878): error C2059: syntax error : 'bad suffix on number'
     1>d:\nyp projects\sp3\edited pull\base\source\gamestate.cpp(882): error C2601: 'GameState::Exit' : local function definitions are illegal
                 d:\nyp projects\sp3\edited pull\base\source\gamestate.cpp(565): this line contains a '{' which has not yet been matched
     1>d:\nyp projects\sp3\edited pull\base\source\gamestate.cpp(969): fatal error C1075: end of file found before the left brace '{' at 'd:\nyp projects\sp3\edited pull\base\source\gamestate.cpp(565)' was matched
     1>Done Building Project "D:\NYP Projects\SP3\Edited Pull\Base\Base.vcxproj" (Build target(s)) -- FAILED.

Build FAILED.

Time Elapsed 00:00:00.89
